# JRE version: Java(TM) SE Runtime Environment (8.0_211-b12) (build 1.8.0_211-b12)
# Java VM: Java HotSpot(TM) 64-Bit Server VM (25.211-b12 mixed mode windows-amd64 compressed oops)
Heap:
 PSYoungGen      total 31232K, used 8708K [0x00000000d5580000, 0x00000000d9480000, 0x0000000100000000)
  eden space 23552K, 8% used [0x00000000d5580000,0x00000000d576fc48,0x00000000d6c80000)
  from space 7680K, 87% used [0x00000000d7480000,0x00000000d7b113b8,0x00000000d7c00000)
  to   space 8192K, 0% used [0x00000000d6c80000,0x00000000d6c80000,0x00000000d7480000)
 ParOldGen       total 65536K, used 4585K [0x0000000080000000, 0x0000000084000000, 0x00000000d5580000)
  object space 65536K, 6% used [0x0000000080000000,0x000000008047a490,0x0000000084000000)
 Metaspace       used 16506K, capacity 17128K, committed 17408K, reserved 1064960K
  class space    used 2370K, capacity 2534K, committed 2560K, reserved 1048576K
GC Heap History (10 events):
Event: 2.289 GC heap before
{Heap before GC invocations=2 (full 0):
 PSYoungGen      total 28672K, used 28094K [0x00000000d5580000, 0x00000000d7580000, 0x0000000100000000)
  eden space 24576K, 100% used [0x00000000d5580000,0x00000000d6d80000,0x00000000d6d80000)
  from space 4096K, 85% used [0x00000000d6d80000,0x00000000d70efb50,0x00000000d7180000)
  to   space 4096K, 0% used [0x00000000d7180000,0x00000000d7180000,0x00000000d7580000)
 ParOldGen       total 65536K, used 8K [0x0000000080000000, 0x0000000084000000, 0x00000000d5580000)
  object space 65536K, 0% used [0x0000000080000000,0x0000000080002000,0x0000000084000000)
 Metaspace       used 7186K, capacity 7470K, committed 7680K, reserved 1056768K
  class space    used 906K, capacity 1005K, committed 1024K, reserved 1048576K
Event: 2.295 GC heap after
Heap after GC invocations=2 (full 0):
 PSYoungGen      total 28672K, used 3229K [0x00000000d5580000, 0x00000000d7580000, 0x0000000100000000)
  eden space 24576K, 0% used [0x00000000d5580000,0x00000000d5580000,0x00000000d6d80000)
  from space 4096K, 78% used [0x00000000d7180000,0x00000000d74a7608,0x00000000d7580000)
  to   space 4096K, 0% used [0x00000000d6d80000,0x00000000d6d80000,0x00000000d7180000)
 ParOldGen       total 65536K, used 16K [0x0000000080000000, 0x0000000084000000, 0x00000000d5580000)
  object space 65536K, 0% used [0x0000000080000000,0x0000000080004000,0x0000000084000000)
 Metaspace       used 7186K, capacity 7470K, committed 7680K, reserved 1056768K
  class space    used 906K, capacity 1005K, committed 1024K, reserved 1048576K
}
Event: 2.659 GC heap before
{Heap before GC invocations=3 (full 0):
 PSYoungGen      total 28672K, used 27805K [0x00000000d5580000, 0x00000000d7580000, 0x0000000100000000)
  eden space 24576K, 100% used [0x00000000d5580000,0x00000000d6d80000,0x00000000d6d80000)
  from space 4096K, 78% used [0x00000000d7180000,0x00000000d74a7608,0x00000000d7580000)
  to   space 4096K, 0% used [0x00000000d6d80000,0x00000000d6d80000,0x00000000d7180000)
 ParOldGen       total 65536K, used 16K [0x0000000080000000, 0x0000000084000000, 0x00000000d5580000)
  object space 65536K, 0% used [0x0000000080000000,0x0000000080004000,0x0000000084000000)
 Metaspace       used 7477K, capacity 7814K, committed 8064K, reserved 1056768K
  class space    used 963K, capacity 1077K, committed 1152K, reserved 1048576K
Event: 2.664 GC heap after
Heap after GC invocations=3 (full 0):
 PSYoungGen      total 28672K, used 3713K [0x00000000d5580000, 0x00000000d7580000, 0x0000000100000000)
  eden space 24576K, 0% used [0x00000000d5580000,0x00000000d5580000,0x00000000d6d80000)
  from space 4096K, 90% used [0x00000000d6d80000,0x00000000d7120608,0x00000000d7180000)
  to   space 4096K, 0% used [0x00000000d7180000,0x00000000d7180000,0x00000000d7580000)
 ParOldGen       total 65536K, used 24K [0x0000000080000000, 0x0000000084000000, 0x00000000d5580000)
  object space 65536K, 0% used [0x0000000080000000,0x0000000080006000,0x0000000084000000)
 Metaspace       used 7477K, capacity 7814K, committed 8064K, reserved 1056768K
  class space    used 963K, capacity 1077K, committed 1152K, reserved 1048576K
}
Event: 4.739 GC heap before
{Heap before GC invocations=4 (full 0):
 PSYoungGen      total 28672K, used 28289K [0x00000000d5580000, 0x00000000d7580000, 0x0000000100000000)
  eden space 24576K, 100% used [0x00000000d5580000,0x00000000d6d80000,0x00000000d6d80000)
  from space 4096K, 90% used [0x00000000d6d80000,0x00000000d7120608,0x00000000d7180000)
  to   space 4096K, 0% used [0x00000000d7180000,0x00000000d7180000,0x00000000d7580000)
 ParOldGen       total 65536K, used 24K [0x0000000080000000, 0x0000000084000000, 0x00000000d5580000)
  object space 65536K, 0% used [0x0000000080000000,0x0000000080006000,0x0000000084000000)
 Metaspace       used 12017K, capacity 12380K, committed 12544K, reserved 1060864K
  class space    used 1631K, capacity 1754K, committed 1792K, reserved 1048576K
Event: 4.748 GC heap after
Heap after GC invocations=4 (full 0):
 PSYoungGen      total 28672K, used 4064K [0x00000000d5580000, 0x00000000d7580000, 0x0000000100000000)
  eden space 24576K, 0% used [0x00000000d5580000,0x00000000d5580000,0x00000000d6d80000)
  from space 4096K, 99% used [0x00000000d7180000,0x00000000d7578020,0x00000000d7580000)
  to   space 4096K, 0% used [0x00000000d6d80000,0x00000000d6d80000,0x00000000d7180000)
 ParOldGen       total 65536K, used 2061K [0x0000000080000000, 0x0000000084000000, 0x00000000d5580000)
  object space 65536K, 3% used [0x0000000080000000,0x0000000080203620,0x0000000084000000)
 Metaspace       used 12017K, capacity 12380K, committed 12544K, reserved 1060864K
  class space    used 1631K, capacity 1754K, committed 1792K, reserved 1048576K
}
Event: 5.208 GC heap before
{Heap before GC invocations=5 (full 0):
 PSYoungGen      total 28672K, used 28640K [0x00000000d5580000, 0x00000000d7580000, 0x0000000100000000)
  eden space 24576K, 100% used [0x00000000d5580000,0x00000000d6d80000,0x00000000d6d80000)
  from space 4096K, 99% used [0x00000000d7180000,0x00000000d7578020,0x00000000d7580000)
  to   space 4096K, 0% used [0x00000000d6d80000,0x00000000d6d80000,0x00000000d7180000)
 ParOldGen       total 65536K, used 2061K [0x0000000080000000, 0x0000000084000000, 0x00000000d5580000)
  object space 65536K, 3% used [0x0000000080000000,0x0000000080203620,0x0000000084000000)
 Metaspace       used 13975K, capacity 14326K, committed 14464K, reserved 1060864K
  class space    used 1974K, capacity 2077K, committed 2176K, reserved 1048576K
Event: 5.216 GC heap after
Heap after GC invocations=5 (full 0):
 PSYoungGen      total 28160K, used 4064K [0x00000000d5580000, 0x00000000d7c00000, 0x0000000100000000)
  eden space 24064K, 0% used [0x00000000d5580000,0x00000000d5580000,0x00000000d6d00000)
  from space 4096K, 99% used [0x00000000d6d80000,0x00000000d7178020,0x00000000d7180000)
  to   space 7680K, 0% used [0x00000000d7480000,0x00000000d7480000,0x00000000d7c00000)
 ParOldGen       total 65536K, used 4577K [0x0000000080000000, 0x0000000084000000, 0x00000000d5580000)
  object space 65536K, 6% used [0x0000000080000000,0x0000000080478490,0x0000000084000000)
 Metaspace       used 13975K, capacity 14326K, committed 14464K, reserved 1060864K
  class space    used 1974K, capacity 2077K, committed 2176K, reserved 1048576K
}
Event: 5.793 GC heap before
{Heap before GC invocations=6 (full 0):
 PSYoungGen      total 28160K, used 28128K [0x00000000d5580000, 0x00000000d7c00000, 0x0000000100000000)
  eden space 24064K, 100% used [0x00000000d5580000,0x00000000d6d00000,0x00000000d6d00000)
  from space 4096K, 99% used [0x00000000d6d80000,0x00000000d7178020,0x00000000d7180000)
  to   space 7680K, 0% used [0x00000000d7480000,0x00000000d7480000,0x00000000d7c00000)
 ParOldGen       total 65536K, used 4577K [0x0000000080000000, 0x0000000084000000, 0x00000000d5580000)
  object space 65536K, 6% used [0x0000000080000000,0x0000000080478490,0x0000000084000000)
 Metaspace       used 16314K, capacity 16896K, committed 17152K, reserved 1064960K
  class space    used 2343K, capacity 2500K, committed 2560K, reserved 1048576K
Event: 5.813 GC heap after
Heap after GC invocations=6 (full 0):
 PSYoungGen      total 31232K, used 6724K [0x00000000d5580000, 0x00000000d9480000, 0x0000000100000000)
  eden space 23552K, 0% used [0x00000000d5580000,0x00000000d5580000,0x00000000d6c80000)
  from space 7680K, 87% used [0x00000000d7480000,0x00000000d7b113b8,0x00000000d7c00000)
  to   space 8192K, 0% used [0x00000000d6c80000,0x00000000d6c80000,0x00000000d7480000)
 ParOldGen       total 65536K, used 4585K [0x0000000080000000, 0x0000000084000000, 0x00000000d5580000)
  object space 65536K, 6% used [0x0000000080000000,0x000000008047a490,0x0000000084000000)
 Metaspace       used 16314K, capacity 16896K, committed 17152K, reserved 1064960K
  class space    used 2343K, capacity 2500K, committed 2560K, reserved 1048576K
}

